<?xml version="1.0" encoding="UTF-8"?>
<!-- Generated by org.testng.reporters.JUnitXMLReporter -->
<testsuite hostname="LAPTOP-6BR4IM3J" ignored="1" name="Test1" tests="1" failures="0" timestamp="18 Apr 2021 17:36:03 GMT" time="10.547" errors="0">
  <testcase name="loginCRM" time="3.873" classname="com.learnAutomation.testcases.LoginTest"/>
  <testcase name="@BeforeSuite setupSuite" time="0.0" classname="com.learnAutomation.testcases.BaseClass">
    <ignored/>
  </testcase> <!-- @BeforeSuite setupSuite -->
</testsuite> <!-- Test1 -->
